0 info it worked if it ends with ok
1 verbose cli [ '/Users/mac/.nvm/versions/node/v5.9.0/bin/node',
1 verbose cli   '/Users/mac/.nvm/versions/node/v5.9.0/lib/node_modules/npm/bin/npm-cli.js',
1 verbose cli   'run-script',
1 verbose cli   'server' ]
2 info using npm@3.7.3
3 info using node@v5.9.0
4 verbose run-script [ 'preserver', 'server', 'postserver' ]
5 info lifecycle LogGraph@0.0.0~preserver: LogGraph@0.0.0
6 silly lifecycle LogGraph@0.0.0~preserver: no script for preserver, continuing
7 info lifecycle LogGraph@0.0.0~server: LogGraph@0.0.0
8 verbose lifecycle LogGraph@0.0.0~server: unsafe-perm in lifecycle true
9 verbose lifecycle LogGraph@0.0.0~server: PATH: /Users/mac/.nvm/versions/node/v5.9.0/lib/node_modules/npm/bin/node-gyp-bin:/Users/mac/workspace/_my_git/LogGraph/server/LogGraph/node_modules/.bin:/Users/mac/.nvm/versions/node/v5.9.0/bin:/Users/mac/workspace/_github/warehouse/bin:/Users/mac/.nvm/versions/node/v5.9.0/bin:/usr/local/mysql/bin:/Users/mac/zybin:/Applications/Cocos/Cocos2d-x/cocos2d-x-3.10/templates:/Applications/Cocos/Cocos2d-x:/Applications/Cocos/Cocos2d-x/cocos2d-x-3.10/tools/cocos2d-console/bin:/opt/local/sbin:/opt/local/bin:/usr/local/bin:/usr/bin:/bin:/usr/sbin:/sbin
10 verbose lifecycle LogGraph@0.0.0~server: CWD: /Users/mac/workspace/_my_git/LogGraph/server/LogGraph
11 silly lifecycle LogGraph@0.0.0~server: Args: [ '-c', 'node ./bin/www' ]
12 silly lifecycle LogGraph@0.0.0~server: Returned: code: 1  signal: null
13 info lifecycle LogGraph@0.0.0~server: Failed to exec server script
14 verbose stack Error: LogGraph@0.0.0 server: `node ./bin/www`
14 verbose stack Exit status 1
14 verbose stack     at EventEmitter.<anonymous> (/Users/mac/.nvm/versions/node/v5.9.0/lib/node_modules/npm/lib/utils/lifecycle.js:239:16)
14 verbose stack     at emitTwo (events.js:100:13)
14 verbose stack     at EventEmitter.emit (events.js:185:7)
14 verbose stack     at ChildProcess.<anonymous> (/Users/mac/.nvm/versions/node/v5.9.0/lib/node_modules/npm/lib/utils/spawn.js:24:14)
14 verbose stack     at emitTwo (events.js:100:13)
14 verbose stack     at ChildProcess.emit (events.js:185:7)
14 verbose stack     at maybeClose (internal/child_process.js:850:16)
14 verbose stack     at Process.ChildProcess._handle.onexit (internal/child_process.js:215:5)
15 verbose pkgid LogGraph@0.0.0
16 verbose cwd /Users/mac/workspace/_my_git/LogGraph/server/LogGraph
17 error Darwin 15.3.0
18 error argv "/Users/mac/.nvm/versions/node/v5.9.0/bin/node" "/Users/mac/.nvm/versions/node/v5.9.0/lib/node_modules/npm/bin/npm-cli.js" "run-script" "server"
19 error node v5.9.0
20 error npm  v3.7.3
21 error code ELIFECYCLE
22 error LogGraph@0.0.0 server: `node ./bin/www`
22 error Exit status 1
23 error Failed at the LogGraph@0.0.0 server script 'node ./bin/www'.
23 error Make sure you have the latest version of node.js and npm installed.
23 error If you do, this is most likely a problem with the LogGraph package,
23 error not with npm itself.
23 error Tell the author that this fails on your system:
23 error     node ./bin/www
23 error You can get information on how to open an issue for this project with:
23 error     npm bugs LogGraph
23 error Or if that isn't available, you can get their info via:
23 error     npm owner ls LogGraph
23 error There is likely additional logging output above.
24 verbose exit [ 1, true ]
